Analysis & Synthesis report for Relogio_digital_1
Sat May 06 16:31:32 2023
Quartus II 64-Bit Version 13.0.1 Build 232 06/12/2013 Service Pack 1 SJ Web Edition


---------------------
; Table of Contents ;
---------------------
  1. Legal Notice
  2. Analysis & Synthesis Summary
  3. Analysis & Synthesis Settings
  4. Parallel Compilation
  5. Analysis & Synthesis Source Files Read
  6. Analysis & Synthesis Resource Usage Summary
  7. Analysis & Synthesis Resource Utilization by Entity
  8. Analysis & Synthesis DSP Block Usage Summary
  9. Registers Removed During Synthesis
 10. General Register Statistics
 11. Inverted Register Statistics
 12. Multiplexer Restructuring Statistics (Restructuring Performed)
 13. Parameter Settings for Inferred Entity Instance: SELETOR_FREQUENCIA:FREQUENCIA_SEGUNDOS|lpm_mult:Mult0
 14. lpm_mult Parameter Settings by Entity Instance
 15. Port Connectivity Checks: "SELETOR_FREQUENCIA:FREQUENCIA_HORAS"
 16. Port Connectivity Checks: "SELETOR_FREQUENCIA:FREQUENCIA_MINUTOS"
 17. Port Connectivity Checks: "SELETOR_FREQUENCIA:FREQUENCIA_SEGUNDOS"
 18. Elapsed Time Per Partition
 19. Analysis & Synthesis Messages



----------------
; Legal Notice ;
----------------
Copyright (C) 1991-2013 Altera Corporation
Your use of Altera Corporation's design tools, logic functions 
and other software and tools, and its AMPP partner logic 
functions, and any output files from any of the foregoing 
(including device programming or simulation files), and any 
associated documentation or information are expressly subject 
to the terms and conditions of the Altera Program License 
Subscription Agreement, Altera MegaCore Function License 
Agreement, or other applicable license agreement, including, 
without limitation, that your use is for the sole purpose of 
programming logic devices manufactured by Altera and sold by 
Altera or its authorized distributors.  Please refer to the 
applicable agreement for further details.



+--------------------------------------------------------------------------------------+
; Analysis & Synthesis Summary                                                         ;
+------------------------------------+-------------------------------------------------+
; Analysis & Synthesis Status        ; Successful - Sat May 06 16:31:32 2023           ;
; Quartus II 64-Bit Version          ; 13.0.1 Build 232 06/12/2013 SP 1 SJ Web Edition ;
; Revision Name                      ; Relogio_digital_1                               ;
; Top-level Entity Name              ; BLOCO_PRINCIPAL                                 ;
; Family                             ; Cyclone II                                      ;
; Total logic elements               ; 311                                             ;
;     Total combinational functions  ; 311                                             ;
;     Dedicated logic registers      ; 92                                              ;
; Total registers                    ; 92                                              ;
; Total pins                         ; 46                                              ;
; Total virtual pins                 ; 0                                               ;
; Total memory bits                  ; 0                                               ;
; Embedded Multiplier 9-bit elements ; 6                                               ;
; Total PLLs                         ; 0                                               ;
+------------------------------------+-------------------------------------------------+


+----------------------------------------------------------------------------------------------------------------------+
; Analysis & Synthesis Settings                                                                                        ;
+----------------------------------------------------------------------------+--------------------+--------------------+
; Option                                                                     ; Setting            ; Default Value      ;
+----------------------------------------------------------------------------+--------------------+--------------------+
; Device                                                                     ; EP2C35F672C6       ;                    ;
; Top-level entity name                                                      ; BLOCO_PRINCIPAL    ; Relogio_digital_1  ;
; Family name                                                                ; Cyclone II         ; Cyclone IV GX      ;
; Use smart compilation                                                      ; Off                ; Off                ;
; Enable parallel Assembler and TimeQuest Timing Analyzer during compilation ; On                 ; On                 ;
; Enable compact report table                                                ; Off                ; Off                ;
; Restructure Multiplexers                                                   ; Auto               ; Auto               ;
; Create Debugging Nodes for IP Cores                                        ; Off                ; Off                ;
; Preserve fewer node names                                                  ; On                 ; On                 ;
; Disable OpenCore Plus hardware evaluation                                  ; Off                ; Off                ;
; Verilog Version                                                            ; Verilog_2001       ; Verilog_2001       ;
; VHDL Version                                                               ; VHDL_1993          ; VHDL_1993          ;
; State Machine Processing                                                   ; Auto               ; Auto               ;
; Safe State Machine                                                         ; Off                ; Off                ;
; Extract Verilog State Machines                                             ; On                 ; On                 ;
; Extract VHDL State Machines                                                ; On                 ; On                 ;
; Ignore Verilog initial constructs                                          ; Off                ; Off                ;
; Iteration limit for constant Verilog loops                                 ; 5000               ; 5000               ;
; Iteration limit for non-constant Verilog loops                             ; 250                ; 250                ;
; Add Pass-Through Logic to Inferred RAMs                                    ; On                 ; On                 ;
; Infer RAMs from Raw Logic                                                  ; On                 ; On                 ;
; Parallel Synthesis                                                         ; On                 ; On                 ;
; DSP Block Balancing                                                        ; Auto               ; Auto               ;
; NOT Gate Push-Back                                                         ; On                 ; On                 ;
; Power-Up Don't Care                                                        ; On                 ; On                 ;
; Remove Redundant Logic Cells                                               ; Off                ; Off                ;
; Remove Duplicate Registers                                                 ; On                 ; On                 ;
; Ignore CARRY Buffers                                                       ; Off                ; Off                ;
; Ignore CASCADE Buffers                                                     ; Off                ; Off                ;
; Ignore GLOBAL Buffers                                                      ; Off                ; Off                ;
; Ignore ROW GLOBAL Buffers                                                  ; Off                ; Off                ;
; Ignore LCELL Buffers                                                       ; Off                ; Off                ;
; Ignore SOFT Buffers                                                        ; On                 ; On                 ;
; Limit AHDL Integers to 32 Bits                                             ; Off                ; Off                ;
; Optimization Technique                                                     ; Balanced           ; Balanced           ;
; Carry Chain Length                                                         ; 70                 ; 70                 ;
; Auto Carry Chains                                                          ; On                 ; On                 ;
; Auto Open-Drain Pins                                                       ; On                 ; On                 ;
; Perform WYSIWYG Primitive Resynthesis                                      ; Off                ; Off                ;
; Auto ROM Replacement                                                       ; On                 ; On                 ;
; Auto RAM Replacement                                                       ; On                 ; On                 ;
; Auto Shift Register Replacement                                            ; Auto               ; Auto               ;
; Allow Shift Register Merging across Hierarchies                            ; Auto               ; Auto               ;
; Auto Clock Enable Replacement                                              ; On                 ; On                 ;
; Strict RAM Replacement                                                     ; Off                ; Off                ;
; Allow Synchronous Control Signals                                          ; On                 ; On                 ;
; Force Use of Synchronous Clear Signals                                     ; Off                ; Off                ;
; Auto RAM to Logic Cell Conversion                                          ; Off                ; Off                ;
; Auto Resource Sharing                                                      ; Off                ; Off                ;
; Allow Any RAM Size For Recognition                                         ; Off                ; Off                ;
; Allow Any ROM Size For Recognition                                         ; Off                ; Off                ;
; Allow Any Shift Register Size For Recognition                              ; Off                ; Off                ;
; Use LogicLock Constraints during Resource Balancing                        ; On                 ; On                 ;
; Ignore translate_off and synthesis_off directives                          ; Off                ; Off                ;
; Timing-Driven Synthesis                                                    ; Off                ; Off                ;
; Report Parameter Settings                                                  ; On                 ; On                 ;
; Report Source Assignments                                                  ; On                 ; On                 ;
; Report Connectivity Checks                                                 ; On                 ; On                 ;
; Ignore Maximum Fan-Out Assignments                                         ; Off                ; Off                ;
; Synchronization Register Chain Length                                      ; 2                  ; 2                  ;
; PowerPlay Power Optimization                                               ; Normal compilation ; Normal compilation ;
; HDL message level                                                          ; Level2             ; Level2             ;
; Suppress Register Optimization Related Messages                            ; Off                ; Off                ;
; Number of Removed Registers Reported in Synthesis Report                   ; 5000               ; 5000               ;
; Number of Swept Nodes Reported in Synthesis Report                         ; 5000               ; 5000               ;
; Number of Inverted Registers Reported in Synthesis Report                  ; 100                ; 100                ;
; Clock MUX Protection                                                       ; On                 ; On                 ;
; Auto Gated Clock Conversion                                                ; Off                ; Off                ;
; Block Design Naming                                                        ; Auto               ; Auto               ;
; SDC constraint protection                                                  ; Off                ; Off                ;
; Synthesis Effort                                                           ; Auto               ; Auto               ;
; Shift Register Replacement - Allow Asynchronous Clear Signal               ; On                 ; On                 ;
; Pre-Mapping Resynthesis Optimization                                       ; Off                ; Off                ;
; Analysis & Synthesis Message Level                                         ; Medium             ; Medium             ;
; Disable Register Merging Across Hierarchies                                ; Auto               ; Auto               ;
; Resource Aware Inference For Block RAM                                     ; On                 ; On                 ;
; Synthesis Seed                                                             ; 1                  ; 1                  ;
+----------------------------------------------------------------------------+--------------------+--------------------+


Parallel compilation was disabled, but you have multiple processors available. Enable parallel compilation to reduce compilation time.
+-------------------------------------+
; Parallel Compilation                ;
+----------------------------+--------+
; Processors                 ; Number ;
+----------------------------+--------+
; Number detected on machine ; 12     ;
; Maximum allowed            ; 1      ;
+----------------------------+--------+


+-----------------------------------------------------------------------------------------------------------------------------------------------------------------------------------------------------------------------------------+
; Analysis & Synthesis Source Files Read                                                                                                                                                                                            ;
+----------------------------------+-----------------+------------------------------+-------------------------------------------------------------------------------------------------------------------------------------+---------+
; File Name with User-Entered Path ; Used in Netlist ; File Type                    ; File Name with Absolute Path                                                                                                        ; Library ;
+----------------------------------+-----------------+------------------------------+-------------------------------------------------------------------------------------------------------------------------------------+---------+
; BLOCO_PRINCIPAL.vhd              ; yes             ; User VHDL File               ; C:/Users/vieir/OneDrive/Documentos/MEGAsync Downloads/Engenharia Eletrica/Projetos_MM_2023/Relogio_digital_1/BLOCO_PRINCIPAL.vhd    ;         ;
; BLOCO_CONTADOR59.vhd             ; yes             ; User VHDL File               ; C:/Users/vieir/OneDrive/Documentos/MEGAsync Downloads/Engenharia Eletrica/Projetos_MM_2023/Relogio_digital_1/BLOCO_CONTADOR59.vhd   ;         ;
; BLOCO_CONTADOR23.vhd             ; yes             ; User VHDL File               ; C:/Users/vieir/OneDrive/Documentos/MEGAsync Downloads/Engenharia Eletrica/Projetos_MM_2023/Relogio_digital_1/BLOCO_CONTADOR23.vhd   ;         ;
; DECODE_BCD_7SEG.vhd              ; yes             ; User VHDL File               ; C:/Users/vieir/OneDrive/Documentos/MEGAsync Downloads/Engenharia Eletrica/Projetos_MM_2023/Relogio_digital_1/DECODE_BCD_7SEG.vhd    ;         ;
; SELETOR_FREQUENCIA.vhd           ; yes             ; User VHDL File               ; C:/Users/vieir/OneDrive/Documentos/MEGAsync Downloads/Engenharia Eletrica/Projetos_MM_2023/Relogio_digital_1/SELETOR_FREQUENCIA.vhd ;         ;
; lpm_mult.tdf                     ; yes             ; Megafunction                 ; c:/altera/13.0sp1/quartus/libraries/megafunctions/lpm_mult.tdf                                                                      ;         ;
; aglobal130.inc                   ; yes             ; Megafunction                 ; c:/altera/13.0sp1/quartus/libraries/megafunctions/aglobal130.inc                                                                    ;         ;
; lpm_add_sub.inc                  ; yes             ; Megafunction                 ; c:/altera/13.0sp1/quartus/libraries/megafunctions/lpm_add_sub.inc                                                                   ;         ;
; multcore.inc                     ; yes             ; Megafunction                 ; c:/altera/13.0sp1/quartus/libraries/megafunctions/multcore.inc                                                                      ;         ;
; bypassff.inc                     ; yes             ; Megafunction                 ; c:/altera/13.0sp1/quartus/libraries/megafunctions/bypassff.inc                                                                      ;         ;
; altshift.inc                     ; yes             ; Megafunction                 ; c:/altera/13.0sp1/quartus/libraries/megafunctions/altshift.inc                                                                      ;         ;
; db/mult_25t.tdf                  ; yes             ; Auto-Generated Megafunction  ; C:/Users/vieir/OneDrive/Documentos/MEGAsync Downloads/Engenharia Eletrica/Projetos_MM_2023/Relogio_digital_1/db/mult_25t.tdf        ;         ;
+----------------------------------+-----------------+------------------------------+-------------------------------------------------------------------------------------------------------------------------------------+---------+


+----------------------------------------------------------+
; Analysis & Synthesis Resource Usage Summary              ;
+---------------------------------------------+------------+
; Resource                                    ; Usage      ;
+---------------------------------------------+------------+
; Estimated Total logic elements              ; 311        ;
;                                             ;            ;
; Total combinational functions               ; 311        ;
; Logic element usage by number of LUT inputs ;            ;
;     -- 4 input functions                    ; 100        ;
;     -- 3 input functions                    ; 73         ;
;     -- <=2 input functions                  ; 138        ;
;                                             ;            ;
; Logic elements by mode                      ;            ;
;     -- normal mode                          ; 193        ;
;     -- arithmetic mode                      ; 118        ;
;                                             ;            ;
; Total registers                             ; 92         ;
;     -- Dedicated logic registers            ; 92         ;
;     -- I/O registers                        ; 0          ;
;                                             ;            ;
; I/O pins                                    ; 46         ;
; Embedded Multiplier 9-bit elements          ; 6          ;
; Maximum fan-out node                        ; CLOCK_FPGA ;
; Maximum fan-out                             ; 68         ;
; Total fan-out                               ; 1200       ;
; Average fan-out                             ; 2.64       ;
+---------------------------------------------+------------+


+--------------------------------------------------------------------------------------------------------------------------------------------------------------------------------------------------------------------------------------------------------------------------+
; Analysis & Synthesis Resource Utilization by Entity                                                                                                                                                                                                                      ;
+----------------------------------------------+-------------------+--------------+-------------+--------------+---------+-----------+------+--------------+------------------------------------------------------------------------------------------------+--------------+
; Compilation Hierarchy Node                   ; LC Combinationals ; LC Registers ; Memory Bits ; DSP Elements ; DSP 9x9 ; DSP 18x18 ; Pins ; Virtual Pins ; Full Hierarchy Name                                                                            ; Library Name ;
+----------------------------------------------+-------------------+--------------+-------------+--------------+---------+-----------+------+--------------+------------------------------------------------------------------------------------------------+--------------+
; |BLOCO_PRINCIPAL                             ; 311 (1)           ; 92 (0)       ; 0           ; 6            ; 0       ; 3         ; 46   ; 0            ; |BLOCO_PRINCIPAL                                                                               ; work         ;
;    |BLOCO_CONTADOR23:CONTADOR_HORAS|         ; 16 (16)           ; 8 (8)        ; 0           ; 0            ; 0       ; 0         ; 0    ; 0            ; |BLOCO_PRINCIPAL|BLOCO_CONTADOR23:CONTADOR_HORAS                                               ; work         ;
;    |BLOCO_CONTADOR59:CONTADOR_MINUTOS|       ; 9 (9)             ; 8 (8)        ; 0           ; 0            ; 0       ; 0         ; 0    ; 0            ; |BLOCO_PRINCIPAL|BLOCO_CONTADOR59:CONTADOR_MINUTOS                                             ; work         ;
;    |BLOCO_CONTADOR59:CONTADOR_SEGUNDOS|      ; 9 (9)             ; 8 (8)        ; 0           ; 0            ; 0       ; 0         ; 0    ; 0            ; |BLOCO_PRINCIPAL|BLOCO_CONTADOR59:CONTADOR_SEGUNDOS                                            ; work         ;
;    |DECODE_BCD_7SEG:DECODE_DEZENA_HORAS|     ; 7 (7)             ; 0 (0)        ; 0           ; 0            ; 0       ; 0         ; 0    ; 0            ; |BLOCO_PRINCIPAL|DECODE_BCD_7SEG:DECODE_DEZENA_HORAS                                           ; work         ;
;    |DECODE_BCD_7SEG:DECODE_DEZENA_MINUTOS|   ; 7 (7)             ; 0 (0)        ; 0           ; 0            ; 0       ; 0         ; 0    ; 0            ; |BLOCO_PRINCIPAL|DECODE_BCD_7SEG:DECODE_DEZENA_MINUTOS                                         ; work         ;
;    |DECODE_BCD_7SEG:DECODE_DEZENA_SEGUNDOS|  ; 7 (7)             ; 0 (0)        ; 0           ; 0            ; 0       ; 0         ; 0    ; 0            ; |BLOCO_PRINCIPAL|DECODE_BCD_7SEG:DECODE_DEZENA_SEGUNDOS                                        ; work         ;
;    |DECODE_BCD_7SEG:DECODE_UNIDADE_HORAS|    ; 7 (7)             ; 0 (0)        ; 0           ; 0            ; 0       ; 0         ; 0    ; 0            ; |BLOCO_PRINCIPAL|DECODE_BCD_7SEG:DECODE_UNIDADE_HORAS                                          ; work         ;
;    |DECODE_BCD_7SEG:DECODE_UNIDADE_MINUTOS|  ; 7 (7)             ; 0 (0)        ; 0           ; 0            ; 0       ; 0         ; 0    ; 0            ; |BLOCO_PRINCIPAL|DECODE_BCD_7SEG:DECODE_UNIDADE_MINUTOS                                        ; work         ;
;    |DECODE_BCD_7SEG:DECODE_UNIDADE_SEGUNDOS| ; 7 (7)             ; 0 (0)        ; 0           ; 0            ; 0       ; 0         ; 0    ; 0            ; |BLOCO_PRINCIPAL|DECODE_BCD_7SEG:DECODE_UNIDADE_SEGUNDOS                                       ; work         ;
;    |SELETOR_FREQUENCIA:FREQUENCIA_HORAS|     ; 83 (83)           ; 65 (65)      ; 0           ; 0            ; 0       ; 0         ; 0    ; 0            ; |BLOCO_PRINCIPAL|SELETOR_FREQUENCIA:FREQUENCIA_HORAS                                           ; work         ;
;    |SELETOR_FREQUENCIA:FREQUENCIA_MINUTOS|   ; 53 (53)           ; 1 (1)        ; 0           ; 0            ; 0       ; 0         ; 0    ; 0            ; |BLOCO_PRINCIPAL|SELETOR_FREQUENCIA:FREQUENCIA_MINUTOS                                         ; work         ;
;    |SELETOR_FREQUENCIA:FREQUENCIA_SEGUNDOS|  ; 98 (70)           ; 2 (2)        ; 0           ; 6            ; 0       ; 3         ; 0    ; 0            ; |BLOCO_PRINCIPAL|SELETOR_FREQUENCIA:FREQUENCIA_SEGUNDOS                                        ; work         ;
;       |lpm_mult:Mult0|                       ; 28 (0)            ; 0 (0)        ; 0           ; 6            ; 0       ; 3         ; 0    ; 0            ; |BLOCO_PRINCIPAL|SELETOR_FREQUENCIA:FREQUENCIA_SEGUNDOS|lpm_mult:Mult0                         ; work         ;
;          |mult_25t:auto_generated|           ; 28 (28)           ; 0 (0)        ; 0           ; 6            ; 0       ; 3         ; 0    ; 0            ; |BLOCO_PRINCIPAL|SELETOR_FREQUENCIA:FREQUENCIA_SEGUNDOS|lpm_mult:Mult0|mult_25t:auto_generated ; work         ;
+----------------------------------------------+-------------------+--------------+-------------+--------------+---------+-----------+------+--------------+------------------------------------------------------------------------------------------------+--------------+
Note: For table entries with two numbers listed, the numbers in parentheses indicate the number of resources of the given type used by the specific entity alone. The numbers listed outside of parentheses indicate the total resources of the given type used by the specific entity and all of its sub-entities in the hierarchy.


+-----------------------------------------------------+
; Analysis & Synthesis DSP Block Usage Summary        ;
+---------------------------------------+-------------+
; Statistic                             ; Number Used ;
+---------------------------------------+-------------+
; Simple Multipliers (9-bit)            ; 0           ;
; Simple Multipliers (18-bit)           ; 3           ;
; Embedded Multiplier Blocks            ; --          ;
; Embedded Multiplier 9-bit elements    ; 6           ;
; Signed Embedded Multipliers           ; 0           ;
; Unsigned Embedded Multipliers         ; 1           ;
; Mixed Sign Embedded Multipliers       ; 2           ;
; Variable Sign Embedded Multipliers    ; 0           ;
; Dedicated Input Shift Register Chains ; 0           ;
+---------------------------------------+-------------+
Note: number of Embedded Multiplier Blocks used is only available after a successful fit.


+----------------------------------------------------------------------------------------------------------------------------------------+
; Registers Removed During Synthesis                                                                                                     ;
+----------------------------------------------------------------------------+-----------------------------------------------------------+
; Register name                                                              ; Reason for Removal                                        ;
+----------------------------------------------------------------------------+-----------------------------------------------------------+
; SELETOR_FREQUENCIA:FREQUENCIA_HORAS|CLOCK_1HZ                              ; Lost fanout                                               ;
; SELETOR_FREQUENCIA:FREQUENCIA_MINUTOS|CLOCK_1HZ                            ; Lost fanout                                               ;
; SELETOR_FREQUENCIA:FREQUENCIA_MINUTOS|N[13]                                ; Merged with SELETOR_FREQUENCIA:FREQUENCIA_HORAS|N[13]     ;
; SELETOR_FREQUENCIA:FREQUENCIA_SEGUNDOS|N[13]                               ; Merged with SELETOR_FREQUENCIA:FREQUENCIA_HORAS|N[13]     ;
; SELETOR_FREQUENCIA:FREQUENCIA_MINUTOS|N[12]                                ; Merged with SELETOR_FREQUENCIA:FREQUENCIA_HORAS|N[12]     ;
; SELETOR_FREQUENCIA:FREQUENCIA_SEGUNDOS|N[12]                               ; Merged with SELETOR_FREQUENCIA:FREQUENCIA_HORAS|N[12]     ;
; SELETOR_FREQUENCIA:FREQUENCIA_MINUTOS|N[11]                                ; Merged with SELETOR_FREQUENCIA:FREQUENCIA_HORAS|N[11]     ;
; SELETOR_FREQUENCIA:FREQUENCIA_SEGUNDOS|N[11]                               ; Merged with SELETOR_FREQUENCIA:FREQUENCIA_HORAS|N[11]     ;
; SELETOR_FREQUENCIA:FREQUENCIA_MINUTOS|N[10]                                ; Merged with SELETOR_FREQUENCIA:FREQUENCIA_HORAS|N[10]     ;
; SELETOR_FREQUENCIA:FREQUENCIA_SEGUNDOS|N[10]                               ; Merged with SELETOR_FREQUENCIA:FREQUENCIA_HORAS|N[10]     ;
; SELETOR_FREQUENCIA:FREQUENCIA_MINUTOS|N[9]                                 ; Merged with SELETOR_FREQUENCIA:FREQUENCIA_HORAS|N[9]      ;
; SELETOR_FREQUENCIA:FREQUENCIA_SEGUNDOS|N[9]                                ; Merged with SELETOR_FREQUENCIA:FREQUENCIA_HORAS|N[9]      ;
; SELETOR_FREQUENCIA:FREQUENCIA_MINUTOS|N[8]                                 ; Merged with SELETOR_FREQUENCIA:FREQUENCIA_HORAS|N[8]      ;
; SELETOR_FREQUENCIA:FREQUENCIA_SEGUNDOS|N[8]                                ; Merged with SELETOR_FREQUENCIA:FREQUENCIA_HORAS|N[8]      ;
; SELETOR_FREQUENCIA:FREQUENCIA_MINUTOS|N[7]                                 ; Merged with SELETOR_FREQUENCIA:FREQUENCIA_HORAS|N[7]      ;
; SELETOR_FREQUENCIA:FREQUENCIA_SEGUNDOS|N[7]                                ; Merged with SELETOR_FREQUENCIA:FREQUENCIA_HORAS|N[7]      ;
; SELETOR_FREQUENCIA:FREQUENCIA_MINUTOS|N[6]                                 ; Merged with SELETOR_FREQUENCIA:FREQUENCIA_HORAS|N[6]      ;
; SELETOR_FREQUENCIA:FREQUENCIA_SEGUNDOS|N[6]                                ; Merged with SELETOR_FREQUENCIA:FREQUENCIA_HORAS|N[6]      ;
; SELETOR_FREQUENCIA:FREQUENCIA_MINUTOS|N[5]                                 ; Merged with SELETOR_FREQUENCIA:FREQUENCIA_HORAS|N[5]      ;
; SELETOR_FREQUENCIA:FREQUENCIA_SEGUNDOS|N[5]                                ; Merged with SELETOR_FREQUENCIA:FREQUENCIA_HORAS|N[5]      ;
; SELETOR_FREQUENCIA:FREQUENCIA_MINUTOS|N[4]                                 ; Merged with SELETOR_FREQUENCIA:FREQUENCIA_HORAS|N[4]      ;
; SELETOR_FREQUENCIA:FREQUENCIA_SEGUNDOS|N[4]                                ; Merged with SELETOR_FREQUENCIA:FREQUENCIA_HORAS|N[4]      ;
; SELETOR_FREQUENCIA:FREQUENCIA_MINUTOS|N[3]                                 ; Merged with SELETOR_FREQUENCIA:FREQUENCIA_HORAS|N[3]      ;
; SELETOR_FREQUENCIA:FREQUENCIA_SEGUNDOS|N[3]                                ; Merged with SELETOR_FREQUENCIA:FREQUENCIA_HORAS|N[3]      ;
; SELETOR_FREQUENCIA:FREQUENCIA_MINUTOS|N[2]                                 ; Merged with SELETOR_FREQUENCIA:FREQUENCIA_HORAS|N[2]      ;
; SELETOR_FREQUENCIA:FREQUENCIA_SEGUNDOS|N[2]                                ; Merged with SELETOR_FREQUENCIA:FREQUENCIA_HORAS|N[2]      ;
; SELETOR_FREQUENCIA:FREQUENCIA_MINUTOS|N[1]                                 ; Merged with SELETOR_FREQUENCIA:FREQUENCIA_HORAS|N[1]      ;
; SELETOR_FREQUENCIA:FREQUENCIA_SEGUNDOS|N[1]                                ; Merged with SELETOR_FREQUENCIA:FREQUENCIA_HORAS|N[1]      ;
; SELETOR_FREQUENCIA:FREQUENCIA_MINUTOS|N[0]                                 ; Merged with SELETOR_FREQUENCIA:FREQUENCIA_HORAS|N[0]      ;
; SELETOR_FREQUENCIA:FREQUENCIA_SEGUNDOS|N[0]                                ; Merged with SELETOR_FREQUENCIA:FREQUENCIA_HORAS|N[0]      ;
; SELETOR_FREQUENCIA:FREQUENCIA_MINUTOS|N[14]                                ; Merged with SELETOR_FREQUENCIA:FREQUENCIA_HORAS|N[14]     ;
; SELETOR_FREQUENCIA:FREQUENCIA_SEGUNDOS|N[14]                               ; Merged with SELETOR_FREQUENCIA:FREQUENCIA_HORAS|N[14]     ;
; SELETOR_FREQUENCIA:FREQUENCIA_MINUTOS|N[15]                                ; Merged with SELETOR_FREQUENCIA:FREQUENCIA_HORAS|N[15]     ;
; SELETOR_FREQUENCIA:FREQUENCIA_SEGUNDOS|N[15]                               ; Merged with SELETOR_FREQUENCIA:FREQUENCIA_HORAS|N[15]     ;
; SELETOR_FREQUENCIA:FREQUENCIA_MINUTOS|N[16]                                ; Merged with SELETOR_FREQUENCIA:FREQUENCIA_HORAS|N[16]     ;
; SELETOR_FREQUENCIA:FREQUENCIA_SEGUNDOS|N[16]                               ; Merged with SELETOR_FREQUENCIA:FREQUENCIA_HORAS|N[16]     ;
; SELETOR_FREQUENCIA:FREQUENCIA_MINUTOS|N[17]                                ; Merged with SELETOR_FREQUENCIA:FREQUENCIA_HORAS|N[17]     ;
; SELETOR_FREQUENCIA:FREQUENCIA_SEGUNDOS|N[17]                               ; Merged with SELETOR_FREQUENCIA:FREQUENCIA_HORAS|N[17]     ;
; SELETOR_FREQUENCIA:FREQUENCIA_MINUTOS|N[18]                                ; Merged with SELETOR_FREQUENCIA:FREQUENCIA_HORAS|N[18]     ;
; SELETOR_FREQUENCIA:FREQUENCIA_SEGUNDOS|N[18]                               ; Merged with SELETOR_FREQUENCIA:FREQUENCIA_HORAS|N[18]     ;
; SELETOR_FREQUENCIA:FREQUENCIA_MINUTOS|N[19]                                ; Merged with SELETOR_FREQUENCIA:FREQUENCIA_HORAS|N[19]     ;
; SELETOR_FREQUENCIA:FREQUENCIA_SEGUNDOS|N[19]                               ; Merged with SELETOR_FREQUENCIA:FREQUENCIA_HORAS|N[19]     ;
; SELETOR_FREQUENCIA:FREQUENCIA_MINUTOS|N[20]                                ; Merged with SELETOR_FREQUENCIA:FREQUENCIA_HORAS|N[20]     ;
; SELETOR_FREQUENCIA:FREQUENCIA_SEGUNDOS|N[20]                               ; Merged with SELETOR_FREQUENCIA:FREQUENCIA_HORAS|N[20]     ;
; SELETOR_FREQUENCIA:FREQUENCIA_MINUTOS|N[21]                                ; Merged with SELETOR_FREQUENCIA:FREQUENCIA_HORAS|N[21]     ;
; SELETOR_FREQUENCIA:FREQUENCIA_SEGUNDOS|N[21]                               ; Merged with SELETOR_FREQUENCIA:FREQUENCIA_HORAS|N[21]     ;
; SELETOR_FREQUENCIA:FREQUENCIA_MINUTOS|N[22]                                ; Merged with SELETOR_FREQUENCIA:FREQUENCIA_HORAS|N[22]     ;
; SELETOR_FREQUENCIA:FREQUENCIA_SEGUNDOS|N[22]                               ; Merged with SELETOR_FREQUENCIA:FREQUENCIA_HORAS|N[22]     ;
; SELETOR_FREQUENCIA:FREQUENCIA_MINUTOS|N[23]                                ; Merged with SELETOR_FREQUENCIA:FREQUENCIA_HORAS|N[23]     ;
; SELETOR_FREQUENCIA:FREQUENCIA_SEGUNDOS|N[23]                               ; Merged with SELETOR_FREQUENCIA:FREQUENCIA_HORAS|N[23]     ;
; SELETOR_FREQUENCIA:FREQUENCIA_MINUTOS|N[24]                                ; Merged with SELETOR_FREQUENCIA:FREQUENCIA_HORAS|N[24]     ;
; SELETOR_FREQUENCIA:FREQUENCIA_SEGUNDOS|N[24]                               ; Merged with SELETOR_FREQUENCIA:FREQUENCIA_HORAS|N[24]     ;
; SELETOR_FREQUENCIA:FREQUENCIA_MINUTOS|N[25]                                ; Merged with SELETOR_FREQUENCIA:FREQUENCIA_HORAS|N[25]     ;
; SELETOR_FREQUENCIA:FREQUENCIA_SEGUNDOS|N[25]                               ; Merged with SELETOR_FREQUENCIA:FREQUENCIA_HORAS|N[25]     ;
; SELETOR_FREQUENCIA:FREQUENCIA_MINUTOS|N[26]                                ; Merged with SELETOR_FREQUENCIA:FREQUENCIA_HORAS|N[26]     ;
; SELETOR_FREQUENCIA:FREQUENCIA_SEGUNDOS|N[26]                               ; Merged with SELETOR_FREQUENCIA:FREQUENCIA_HORAS|N[26]     ;
; SELETOR_FREQUENCIA:FREQUENCIA_MINUTOS|N[27]                                ; Merged with SELETOR_FREQUENCIA:FREQUENCIA_HORAS|N[27]     ;
; SELETOR_FREQUENCIA:FREQUENCIA_SEGUNDOS|N[27]                               ; Merged with SELETOR_FREQUENCIA:FREQUENCIA_HORAS|N[27]     ;
; SELETOR_FREQUENCIA:FREQUENCIA_MINUTOS|N[28]                                ; Merged with SELETOR_FREQUENCIA:FREQUENCIA_HORAS|N[28]     ;
; SELETOR_FREQUENCIA:FREQUENCIA_SEGUNDOS|N[28]                               ; Merged with SELETOR_FREQUENCIA:FREQUENCIA_HORAS|N[28]     ;
; SELETOR_FREQUENCIA:FREQUENCIA_MINUTOS|N[29]                                ; Merged with SELETOR_FREQUENCIA:FREQUENCIA_HORAS|N[29]     ;
; SELETOR_FREQUENCIA:FREQUENCIA_SEGUNDOS|N[29]                               ; Merged with SELETOR_FREQUENCIA:FREQUENCIA_HORAS|N[29]     ;
; SELETOR_FREQUENCIA:FREQUENCIA_MINUTOS|N[30]                                ; Merged with SELETOR_FREQUENCIA:FREQUENCIA_HORAS|N[30]     ;
; SELETOR_FREQUENCIA:FREQUENCIA_SEGUNDOS|N[30]                               ; Merged with SELETOR_FREQUENCIA:FREQUENCIA_HORAS|N[30]     ;
; SELETOR_FREQUENCIA:FREQUENCIA_MINUTOS|N[31]                                ; Merged with SELETOR_FREQUENCIA:FREQUENCIA_HORAS|N[31]     ;
; SELETOR_FREQUENCIA:FREQUENCIA_SEGUNDOS|N[31]                               ; Merged with SELETOR_FREQUENCIA:FREQUENCIA_HORAS|N[31]     ;
; SELETOR_FREQUENCIA:FREQUENCIA_MINUTOS|COUNT[0]                             ; Merged with SELETOR_FREQUENCIA:FREQUENCIA_HORAS|COUNT[0]  ;
; SELETOR_FREQUENCIA:FREQUENCIA_SEGUNDOS|COUNT[0]                            ; Merged with SELETOR_FREQUENCIA:FREQUENCIA_HORAS|COUNT[0]  ;
; SELETOR_FREQUENCIA:FREQUENCIA_MINUTOS|COUNT[1]                             ; Merged with SELETOR_FREQUENCIA:FREQUENCIA_HORAS|COUNT[1]  ;
; SELETOR_FREQUENCIA:FREQUENCIA_SEGUNDOS|COUNT[1]                            ; Merged with SELETOR_FREQUENCIA:FREQUENCIA_HORAS|COUNT[1]  ;
; SELETOR_FREQUENCIA:FREQUENCIA_MINUTOS|COUNT[2]                             ; Merged with SELETOR_FREQUENCIA:FREQUENCIA_HORAS|COUNT[2]  ;
; SELETOR_FREQUENCIA:FREQUENCIA_SEGUNDOS|COUNT[2]                            ; Merged with SELETOR_FREQUENCIA:FREQUENCIA_HORAS|COUNT[2]  ;
; SELETOR_FREQUENCIA:FREQUENCIA_MINUTOS|COUNT[3]                             ; Merged with SELETOR_FREQUENCIA:FREQUENCIA_HORAS|COUNT[3]  ;
; SELETOR_FREQUENCIA:FREQUENCIA_SEGUNDOS|COUNT[3]                            ; Merged with SELETOR_FREQUENCIA:FREQUENCIA_HORAS|COUNT[3]  ;
; SELETOR_FREQUENCIA:FREQUENCIA_MINUTOS|COUNT[4]                             ; Merged with SELETOR_FREQUENCIA:FREQUENCIA_HORAS|COUNT[4]  ;
; SELETOR_FREQUENCIA:FREQUENCIA_SEGUNDOS|COUNT[4]                            ; Merged with SELETOR_FREQUENCIA:FREQUENCIA_HORAS|COUNT[4]  ;
; SELETOR_FREQUENCIA:FREQUENCIA_MINUTOS|COUNT[5]                             ; Merged with SELETOR_FREQUENCIA:FREQUENCIA_HORAS|COUNT[5]  ;
; SELETOR_FREQUENCIA:FREQUENCIA_SEGUNDOS|COUNT[5]                            ; Merged with SELETOR_FREQUENCIA:FREQUENCIA_HORAS|COUNT[5]  ;
; SELETOR_FREQUENCIA:FREQUENCIA_MINUTOS|COUNT[6]                             ; Merged with SELETOR_FREQUENCIA:FREQUENCIA_HORAS|COUNT[6]  ;
; SELETOR_FREQUENCIA:FREQUENCIA_SEGUNDOS|COUNT[6]                            ; Merged with SELETOR_FREQUENCIA:FREQUENCIA_HORAS|COUNT[6]  ;
; SELETOR_FREQUENCIA:FREQUENCIA_MINUTOS|COUNT[7]                             ; Merged with SELETOR_FREQUENCIA:FREQUENCIA_HORAS|COUNT[7]  ;
; SELETOR_FREQUENCIA:FREQUENCIA_SEGUNDOS|COUNT[7]                            ; Merged with SELETOR_FREQUENCIA:FREQUENCIA_HORAS|COUNT[7]  ;
; SELETOR_FREQUENCIA:FREQUENCIA_MINUTOS|COUNT[8]                             ; Merged with SELETOR_FREQUENCIA:FREQUENCIA_HORAS|COUNT[8]  ;
; SELETOR_FREQUENCIA:FREQUENCIA_SEGUNDOS|COUNT[8]                            ; Merged with SELETOR_FREQUENCIA:FREQUENCIA_HORAS|COUNT[8]  ;
; SELETOR_FREQUENCIA:FREQUENCIA_MINUTOS|COUNT[9]                             ; Merged with SELETOR_FREQUENCIA:FREQUENCIA_HORAS|COUNT[9]  ;
; SELETOR_FREQUENCIA:FREQUENCIA_SEGUNDOS|COUNT[9]                            ; Merged with SELETOR_FREQUENCIA:FREQUENCIA_HORAS|COUNT[9]  ;
; SELETOR_FREQUENCIA:FREQUENCIA_MINUTOS|COUNT[10]                            ; Merged with SELETOR_FREQUENCIA:FREQUENCIA_HORAS|COUNT[10] ;
; SELETOR_FREQUENCIA:FREQUENCIA_SEGUNDOS|COUNT[10]                           ; Merged with SELETOR_FREQUENCIA:FREQUENCIA_HORAS|COUNT[10] ;
; SELETOR_FREQUENCIA:FREQUENCIA_MINUTOS|COUNT[11]                            ; Merged with SELETOR_FREQUENCIA:FREQUENCIA_HORAS|COUNT[11] ;
; SELETOR_FREQUENCIA:FREQUENCIA_SEGUNDOS|COUNT[11]                           ; Merged with SELETOR_FREQUENCIA:FREQUENCIA_HORAS|COUNT[11] ;
; SELETOR_FREQUENCIA:FREQUENCIA_MINUTOS|COUNT[12]                            ; Merged with SELETOR_FREQUENCIA:FREQUENCIA_HORAS|COUNT[12] ;
; SELETOR_FREQUENCIA:FREQUENCIA_SEGUNDOS|COUNT[12]                           ; Merged with SELETOR_FREQUENCIA:FREQUENCIA_HORAS|COUNT[12] ;
; SELETOR_FREQUENCIA:FREQUENCIA_MINUTOS|COUNT[13]                            ; Merged with SELETOR_FREQUENCIA:FREQUENCIA_HORAS|COUNT[13] ;
; SELETOR_FREQUENCIA:FREQUENCIA_SEGUNDOS|COUNT[13]                           ; Merged with SELETOR_FREQUENCIA:FREQUENCIA_HORAS|COUNT[13] ;
; SELETOR_FREQUENCIA:FREQUENCIA_MINUTOS|COUNT[14]                            ; Merged with SELETOR_FREQUENCIA:FREQUENCIA_HORAS|COUNT[14] ;
; SELETOR_FREQUENCIA:FREQUENCIA_SEGUNDOS|COUNT[14]                           ; Merged with SELETOR_FREQUENCIA:FREQUENCIA_HORAS|COUNT[14] ;
; SELETOR_FREQUENCIA:FREQUENCIA_MINUTOS|COUNT[15]                            ; Merged with SELETOR_FREQUENCIA:FREQUENCIA_HORAS|COUNT[15] ;
; SELETOR_FREQUENCIA:FREQUENCIA_SEGUNDOS|COUNT[15]                           ; Merged with SELETOR_FREQUENCIA:FREQUENCIA_HORAS|COUNT[15] ;
; SELETOR_FREQUENCIA:FREQUENCIA_MINUTOS|COUNT[16]                            ; Merged with SELETOR_FREQUENCIA:FREQUENCIA_HORAS|COUNT[16] ;
; SELETOR_FREQUENCIA:FREQUENCIA_SEGUNDOS|COUNT[16]                           ; Merged with SELETOR_FREQUENCIA:FREQUENCIA_HORAS|COUNT[16] ;
; SELETOR_FREQUENCIA:FREQUENCIA_MINUTOS|COUNT[17]                            ; Merged with SELETOR_FREQUENCIA:FREQUENCIA_HORAS|COUNT[17] ;
; SELETOR_FREQUENCIA:FREQUENCIA_SEGUNDOS|COUNT[17]                           ; Merged with SELETOR_FREQUENCIA:FREQUENCIA_HORAS|COUNT[17] ;
; SELETOR_FREQUENCIA:FREQUENCIA_MINUTOS|COUNT[18]                            ; Merged with SELETOR_FREQUENCIA:FREQUENCIA_HORAS|COUNT[18] ;
; SELETOR_FREQUENCIA:FREQUENCIA_SEGUNDOS|COUNT[18]                           ; Merged with SELETOR_FREQUENCIA:FREQUENCIA_HORAS|COUNT[18] ;
; SELETOR_FREQUENCIA:FREQUENCIA_MINUTOS|COUNT[19]                            ; Merged with SELETOR_FREQUENCIA:FREQUENCIA_HORAS|COUNT[19] ;
; SELETOR_FREQUENCIA:FREQUENCIA_SEGUNDOS|COUNT[19]                           ; Merged with SELETOR_FREQUENCIA:FREQUENCIA_HORAS|COUNT[19] ;
; SELETOR_FREQUENCIA:FREQUENCIA_MINUTOS|COUNT[20]                            ; Merged with SELETOR_FREQUENCIA:FREQUENCIA_HORAS|COUNT[20] ;
; SELETOR_FREQUENCIA:FREQUENCIA_SEGUNDOS|COUNT[20]                           ; Merged with SELETOR_FREQUENCIA:FREQUENCIA_HORAS|COUNT[20] ;
; SELETOR_FREQUENCIA:FREQUENCIA_MINUTOS|COUNT[21]                            ; Merged with SELETOR_FREQUENCIA:FREQUENCIA_HORAS|COUNT[21] ;
; SELETOR_FREQUENCIA:FREQUENCIA_SEGUNDOS|COUNT[21]                           ; Merged with SELETOR_FREQUENCIA:FREQUENCIA_HORAS|COUNT[21] ;
; SELETOR_FREQUENCIA:FREQUENCIA_MINUTOS|COUNT[22]                            ; Merged with SELETOR_FREQUENCIA:FREQUENCIA_HORAS|COUNT[22] ;
; SELETOR_FREQUENCIA:FREQUENCIA_SEGUNDOS|COUNT[22]                           ; Merged with SELETOR_FREQUENCIA:FREQUENCIA_HORAS|COUNT[22] ;
; SELETOR_FREQUENCIA:FREQUENCIA_MINUTOS|COUNT[23]                            ; Merged with SELETOR_FREQUENCIA:FREQUENCIA_HORAS|COUNT[23] ;
; SELETOR_FREQUENCIA:FREQUENCIA_SEGUNDOS|COUNT[23]                           ; Merged with SELETOR_FREQUENCIA:FREQUENCIA_HORAS|COUNT[23] ;
; SELETOR_FREQUENCIA:FREQUENCIA_MINUTOS|COUNT[24]                            ; Merged with SELETOR_FREQUENCIA:FREQUENCIA_HORAS|COUNT[24] ;
; SELETOR_FREQUENCIA:FREQUENCIA_SEGUNDOS|COUNT[24]                           ; Merged with SELETOR_FREQUENCIA:FREQUENCIA_HORAS|COUNT[24] ;
; SELETOR_FREQUENCIA:FREQUENCIA_MINUTOS|COUNT[25]                            ; Merged with SELETOR_FREQUENCIA:FREQUENCIA_HORAS|COUNT[25] ;
; SELETOR_FREQUENCIA:FREQUENCIA_SEGUNDOS|COUNT[25]                           ; Merged with SELETOR_FREQUENCIA:FREQUENCIA_HORAS|COUNT[25] ;
; SELETOR_FREQUENCIA:FREQUENCIA_MINUTOS|COUNT[26]                            ; Merged with SELETOR_FREQUENCIA:FREQUENCIA_HORAS|COUNT[26] ;
; SELETOR_FREQUENCIA:FREQUENCIA_SEGUNDOS|COUNT[26]                           ; Merged with SELETOR_FREQUENCIA:FREQUENCIA_HORAS|COUNT[26] ;
; SELETOR_FREQUENCIA:FREQUENCIA_MINUTOS|COUNT[27]                            ; Merged with SELETOR_FREQUENCIA:FREQUENCIA_HORAS|COUNT[27] ;
; SELETOR_FREQUENCIA:FREQUENCIA_SEGUNDOS|COUNT[27]                           ; Merged with SELETOR_FREQUENCIA:FREQUENCIA_HORAS|COUNT[27] ;
; SELETOR_FREQUENCIA:FREQUENCIA_MINUTOS|COUNT[28]                            ; Merged with SELETOR_FREQUENCIA:FREQUENCIA_HORAS|COUNT[28] ;
; SELETOR_FREQUENCIA:FREQUENCIA_SEGUNDOS|COUNT[28]                           ; Merged with SELETOR_FREQUENCIA:FREQUENCIA_HORAS|COUNT[28] ;
; SELETOR_FREQUENCIA:FREQUENCIA_MINUTOS|COUNT[29]                            ; Merged with SELETOR_FREQUENCIA:FREQUENCIA_HORAS|COUNT[29] ;
; SELETOR_FREQUENCIA:FREQUENCIA_SEGUNDOS|COUNT[29]                           ; Merged with SELETOR_FREQUENCIA:FREQUENCIA_HORAS|COUNT[29] ;
; SELETOR_FREQUENCIA:FREQUENCIA_MINUTOS|COUNT[30]                            ; Merged with SELETOR_FREQUENCIA:FREQUENCIA_HORAS|COUNT[30] ;
; SELETOR_FREQUENCIA:FREQUENCIA_SEGUNDOS|COUNT[30]                           ; Merged with SELETOR_FREQUENCIA:FREQUENCIA_HORAS|COUNT[30] ;
; SELETOR_FREQUENCIA:FREQUENCIA_MINUTOS|COUNT[31]                            ; Merged with SELETOR_FREQUENCIA:FREQUENCIA_HORAS|COUNT[31] ;
; SELETOR_FREQUENCIA:FREQUENCIA_SEGUNDOS|COUNT[31]                           ; Merged with SELETOR_FREQUENCIA:FREQUENCIA_HORAS|COUNT[31] ;
; BLOCO_CONTADOR59:CONTADOR_SEGUNDOS|\PROCESSO_CONTADOR:ACUMULADOR_DEZENA[3] ; Stuck at GND due to stuck port data_in                    ;
; BLOCO_CONTADOR59:CONTADOR_MINUTOS|\PROCESSO_CONTADOR:ACUMULADOR_DEZENA[3]  ; Stuck at GND due to stuck port data_in                    ;
; Total Number of Removed Registers = 132                                    ;                                                           ;
+----------------------------------------------------------------------------+-----------------------------------------------------------+


+------------------------------------------------------+
; General Register Statistics                          ;
+----------------------------------------------+-------+
; Statistic                                    ; Value ;
+----------------------------------------------+-------+
; Total registers                              ; 92    ;
; Number of registers using Synchronous Clear  ; 0     ;
; Number of registers using Synchronous Load   ; 0     ;
; Number of registers using Asynchronous Clear ; 0     ;
; Number of registers using Asynchronous Load  ; 0     ;
; Number of registers using Clock Enable       ; 40    ;
; Number of registers using Preset             ; 0     ;
+----------------------------------------------+-------+


+-------------------------------------------------------------------+
; Inverted Register Statistics                                      ;
+---------------------------------------------------------+---------+
; Inverted Register                                       ; Fan out ;
+---------------------------------------------------------+---------+
; SELETOR_FREQUENCIA:FREQUENCIA_SEGUNDOS|CLOCK_nHZ        ; 2       ;
; SELETOR_FREQUENCIA:FREQUENCIA_SEGUNDOS|CLOCK_1HZ        ; 2       ;
; SELETOR_FREQUENCIA:FREQUENCIA_MINUTOS|CLOCK_nHZ         ; 2       ;
; BLOCO_CONTADOR59:CONTADOR_SEGUNDOS|FLAG_CONTAGEM_MAXIMA ; 1       ;
; SELETOR_FREQUENCIA:FREQUENCIA_HORAS|CLOCK_nHZ           ; 2       ;
; BLOCO_CONTADOR59:CONTADOR_MINUTOS|FLAG_CONTAGEM_MAXIMA  ; 1       ;
; SELETOR_FREQUENCIA:FREQUENCIA_HORAS|COUNT[0]            ; 3       ;
; SELETOR_FREQUENCIA:FREQUENCIA_HORAS|N[0]                ; 5       ;
; Total number of inverted registers = 8                  ;         ;
+---------------------------------------------------------+---------+


+---------------------------------------------------------------------------------------------------------------------------------------------------------------------------------------------------------+
; Multiplexer Restructuring Statistics (Restructuring Performed)                                                                                                                                          ;
+--------------------+-----------+---------------+----------------------+------------------------+------------+-------------------------------------------------------------------------------------------+
; Multiplexer Inputs ; Bus Width ; Baseline Area ; Area if Restructured ; Saving if Restructured ; Registered ; Example Multiplexer Output                                                                ;
+--------------------+-----------+---------------+----------------------+------------------------+------------+-------------------------------------------------------------------------------------------+
; 3:1                ; 31 bits   ; 62 LEs        ; 31 LEs               ; 31 LEs                 ; Yes        ; |BLOCO_PRINCIPAL|SELETOR_FREQUENCIA:FREQUENCIA_HORAS|COUNT[16]                            ;
; 3:1                ; 4 bits    ; 8 LEs         ; 4 LEs                ; 4 LEs                  ; Yes        ; |BLOCO_PRINCIPAL|BLOCO_CONTADOR23:CONTADOR_HORAS|\PROCESSO_CONTADOR:ACUMULADOR_DEZENA[0]  ;
; 3:1                ; 4 bits    ; 8 LEs         ; 4 LEs                ; 4 LEs                  ; Yes        ; |BLOCO_PRINCIPAL|BLOCO_CONTADOR23:CONTADOR_HORAS|\PROCESSO_CONTADOR:ACUMULADOR_UNIDADE[1] ;
+--------------------+-----------+---------------+----------------------+------------------------+------------+-------------------------------------------------------------------------------------------+


+--------------------------------------------------------------------------------------------------------+
; Parameter Settings for Inferred Entity Instance: SELETOR_FREQUENCIA:FREQUENCIA_SEGUNDOS|lpm_mult:Mult0 ;
+------------------------------------------------+------------+------------------------------------------+
; Parameter Name                                 ; Value      ; Type                                     ;
+------------------------------------------------+------------+------------------------------------------+
; AUTO_CARRY_CHAINS                              ; ON         ; AUTO_CARRY                               ;
; IGNORE_CARRY_BUFFERS                           ; OFF        ; IGNORE_CARRY                             ;
; AUTO_CASCADE_CHAINS                            ; ON         ; AUTO_CASCADE                             ;
; IGNORE_CASCADE_BUFFERS                         ; OFF        ; IGNORE_CASCADE                           ;
; LPM_WIDTHA                                     ; 32         ; Untyped                                  ;
; LPM_WIDTHB                                     ; 21         ; Untyped                                  ;
; LPM_WIDTHP                                     ; 53         ; Untyped                                  ;
; LPM_WIDTHR                                     ; 53         ; Untyped                                  ;
; LPM_WIDTHS                                     ; 1          ; Untyped                                  ;
; LPM_REPRESENTATION                             ; SIGNED     ; Untyped                                  ;
; LPM_PIPELINE                                   ; 0          ; Untyped                                  ;
; LATENCY                                        ; 0          ; Untyped                                  ;
; INPUT_A_IS_CONSTANT                            ; NO         ; Untyped                                  ;
; INPUT_B_IS_CONSTANT                            ; YES        ; Untyped                                  ;
; USE_EAB                                        ; OFF        ; Untyped                                  ;
; MAXIMIZE_SPEED                                 ; 5          ; Untyped                                  ;
; DEVICE_FAMILY                                  ; Cyclone II ; Untyped                                  ;
; CARRY_CHAIN                                    ; MANUAL     ; Untyped                                  ;
; APEX20K_TECHNOLOGY_MAPPER                      ; LUT        ; TECH_MAPPER_APEX20K                      ;
; DEDICATED_MULTIPLIER_CIRCUITRY                 ; AUTO       ; Untyped                                  ;
; DEDICATED_MULTIPLIER_MIN_INPUT_WIDTH_FOR_AUTO  ; 0          ; Untyped                                  ;
; DEDICATED_MULTIPLIER_MIN_OUTPUT_WIDTH_FOR_AUTO ; 0          ; Untyped                                  ;
; CBXI_PARAMETER                                 ; mult_25t   ; Untyped                                  ;
; INPUT_A_FIXED_VALUE                            ; Bx         ; Untyped                                  ;
; INPUT_B_FIXED_VALUE                            ; Bx         ; Untyped                                  ;
; USE_AHDL_IMPLEMENTATION                        ; OFF        ; Untyped                                  ;
+------------------------------------------------+------------+------------------------------------------+
Note: In order to hide this table in the UI and the text report file, please set the "Show Parameter Settings in Synthesis Report" option in "Analysis and Synthesis Settings -> More Settings" to "Off".


+-----------------------------------------------------------------------------------------------+
; lpm_mult Parameter Settings by Entity Instance                                                ;
+---------------------------------------+-------------------------------------------------------+
; Name                                  ; Value                                                 ;
+---------------------------------------+-------------------------------------------------------+
; Number of entity instances            ; 1                                                     ;
; Entity Instance                       ; SELETOR_FREQUENCIA:FREQUENCIA_SEGUNDOS|lpm_mult:Mult0 ;
;     -- LPM_WIDTHA                     ; 32                                                    ;
;     -- LPM_WIDTHB                     ; 21                                                    ;
;     -- LPM_WIDTHP                     ; 53                                                    ;
;     -- LPM_REPRESENTATION             ; SIGNED                                                ;
;     -- INPUT_A_IS_CONSTANT            ; NO                                                    ;
;     -- INPUT_B_IS_CONSTANT            ; YES                                                   ;
;     -- USE_EAB                        ; OFF                                                   ;
;     -- DEDICATED_MULTIPLIER_CIRCUITRY ; AUTO                                                  ;
;     -- INPUT_A_FIXED_VALUE            ; Bx                                                    ;
;     -- INPUT_B_FIXED_VALUE            ; Bx                                                    ;
+---------------------------------------+-------------------------------------------------------+


+-----------------------------------------------------------------+
; Port Connectivity Checks: "SELETOR_FREQUENCIA:FREQUENCIA_HORAS" ;
+------------+-------+----------+---------------------------------+
; Port       ; Type  ; Severity ; Details                         ;
+------------+-------+----------+---------------------------------+
; comando[0] ; Input ; Info     ; Stuck at GND                    ;
+------------+-------+----------+---------------------------------+


+-------------------------------------------------------------------+
; Port Connectivity Checks: "SELETOR_FREQUENCIA:FREQUENCIA_MINUTOS" ;
+------------+-------+----------+-----------------------------------+
; Port       ; Type  ; Severity ; Details                           ;
+------------+-------+----------+-----------------------------------+
; comando[0] ; Input ; Info     ; Stuck at GND                      ;
+------------+-------+----------+-----------------------------------+


+--------------------------------------------------------------------+
; Port Connectivity Checks: "SELETOR_FREQUENCIA:FREQUENCIA_SEGUNDOS" ;
+---------+-------+----------+---------------------------------------+
; Port    ; Type  ; Severity ; Details                               ;
+---------+-------+----------+---------------------------------------+
; clk_alt ; Input ; Info     ; Stuck at VCC                          ;
+---------+-------+----------+---------------------------------------+


+-------------------------------+
; Elapsed Time Per Partition    ;
+----------------+--------------+
; Partition Name ; Elapsed Time ;
+----------------+--------------+
; Top            ; 00:00:00     ;
+----------------+--------------+


+-------------------------------+
; Analysis & Synthesis Messages ;
+-------------------------------+
Info: *******************************************************************
Info: Running Quartus II 64-Bit Analysis & Synthesis
    Info: Version 13.0.1 Build 232 06/12/2013 Service Pack 1 SJ Web Edition
    Info: Processing started: Sat May 06 16:31:30 2023
Info: Command: quartus_map --read_settings_files=on --write_settings_files=off Relogio_digital_1 -c Relogio_digital_1
Warning (20028): Parallel compilation is not licensed and has been disabled
Info (12021): Found 2 design units, including 1 entities, in source file bloco_principal.vhd
    Info (12022): Found design unit 1: BLOCO_PRINCIPAL-LOGIC
    Info (12023): Found entity 1: BLOCO_PRINCIPAL
Info (12021): Found 2 design units, including 1 entities, in source file bloco_contador59.vhd
    Info (12022): Found design unit 1: BLOCO_CONTADOR59-LOGIC
    Info (12023): Found entity 1: BLOCO_CONTADOR59
Info (12021): Found 2 design units, including 1 entities, in source file bloco_contador23.vhd
    Info (12022): Found design unit 1: BLOCO_CONTADOR23-LOGIC
    Info (12023): Found entity 1: BLOCO_CONTADOR23
Info (12021): Found 2 design units, including 1 entities, in source file decode_bcd_7seg.vhd
    Info (12022): Found design unit 1: DECODE_BCD_7SEG-LOGICA
    Info (12023): Found entity 1: DECODE_BCD_7SEG
Info (12021): Found 2 design units, including 1 entities, in source file seletor_frequencia.vhd
    Info (12022): Found design unit 1: SELETOR_FREQUENCIA-LOGICA
    Info (12023): Found entity 1: SELETOR_FREQUENCIA
Info (12021): Found 2 design units, including 1 entities, in source file divisor_clk.vhd
    Info (12022): Found design unit 1: divisor_clk-behavioral
    Info (12023): Found entity 1: divisor_clk
Info (12127): Elaborating entity "BLOCO_PRINCIPAL" for the top level hierarchy
Info (12128): Elaborating entity "SELETOR_FREQUENCIA" for hierarchy "SELETOR_FREQUENCIA:FREQUENCIA_SEGUNDOS"
Warning (10540): VHDL Signal Declaration warning at SELETOR_FREQUENCIA.vhd(16): used explicit default value for signal "CONSTANTE" because signal was never assigned a value
Info (12128): Elaborating entity "BLOCO_CONTADOR59" for hierarchy "BLOCO_CONTADOR59:CONTADOR_SEGUNDOS"
Info (12128): Elaborating entity "BLOCO_CONTADOR23" for hierarchy "BLOCO_CONTADOR23:CONTADOR_HORAS"
Info (12128): Elaborating entity "DECODE_BCD_7SEG" for hierarchy "DECODE_BCD_7SEG:DECODE_UNIDADE_SEGUNDOS"
Warning (19016): Clock multiplexers are found and protected
    Warning (19017): Found clock multiplexer SELETOR_FREQUENCIA:FREQUENCIA_HORAS|Mux0
    Warning (19017): Found clock multiplexer SELETOR_FREQUENCIA:FREQUENCIA_MINUTOS|Mux0
    Warning (19017): Found clock multiplexer SELETOR_FREQUENCIA:FREQUENCIA_SEGUNDOS|Mux0
Info (278001): Inferred 1 megafunctions from design logic
    Info (278003): Inferred multiplier megafunction ("lpm_mult") from the following logic: "SELETOR_FREQUENCIA:FREQUENCIA_SEGUNDOS|Mult0"
Info (12130): Elaborated megafunction instantiation "SELETOR_FREQUENCIA:FREQUENCIA_SEGUNDOS|lpm_mult:Mult0"
Info (12133): Instantiated megafunction "SELETOR_FREQUENCIA:FREQUENCIA_SEGUNDOS|lpm_mult:Mult0" with the following parameter:
    Info (12134): Parameter "LPM_WIDTHA" = "32"
    Info (12134): Parameter "LPM_WIDTHB" = "21"
    Info (12134): Parameter "LPM_WIDTHP" = "53"
    Info (12134): Parameter "LPM_WIDTHR" = "53"
    Info (12134): Parameter "LPM_WIDTHS" = "1"
    Info (12134): Parameter "LPM_REPRESENTATION" = "SIGNED"
    Info (12134): Parameter "INPUT_A_IS_CONSTANT" = "NO"
    Info (12134): Parameter "INPUT_B_IS_CONSTANT" = "YES"
    Info (12134): Parameter "MAXIMIZE_SPEED" = "5"
Info (12021): Found 1 design units, including 1 entities, in source file db/mult_25t.tdf
    Info (12023): Found entity 1: mult_25t
Warning (14284): Synthesized away the following node(s):
    Warning (14285): Synthesized away the following DSP element node(s):
        Warning (14320): Synthesized away node "SELETOR_FREQUENCIA:FREQUENCIA_SEGUNDOS|lpm_mult:Mult0|mult_25t:auto_generated|mac_mult7"
        Warning (14320): Synthesized away node "SELETOR_FREQUENCIA:FREQUENCIA_SEGUNDOS|lpm_mult:Mult0|mult_25t:auto_generated|mac_out8"
Info (13014): Ignored 84 buffer(s)
    Info (13019): Ignored 84 SOFT buffer(s)
Info (17049): 2 registers lost all their fanouts during netlist optimizations.
Info (16010): Generating hard_block partition "hard_block:auto_generated_inst"
    Info (16011): Adding 0 node(s), including 0 DDIO, 0 PLL, 0 transceiver and 0 LCELL
Info (21057): Implemented 380 device resources after synthesis - the final resource count might be different
    Info (21058): Implemented 4 input pins
    Info (21059): Implemented 42 output pins
    Info (21061): Implemented 328 logic cells
    Info (21062): Implemented 6 DSP elements
Info: Quartus II 64-Bit Analysis & Synthesis was successful. 0 errors, 10 warnings
    Info: Peak virtual memory: 4657 megabytes
    Info: Processing ended: Sat May 06 16:31:32 2023
    Info: Elapsed time: 00:00:02
    Info: Total CPU time (on all processors): 00:00:02


