Analysis & Synthesis report for Semaforo
Fri May 26 17:39:37 2023
Quartus II 64-Bit Version 13.0.1 Build 232 06/12/2013 Service Pack 1 SJ Web Edition


---------------------
; Table of Contents ;
---------------------
  1. Legal Notice
  2. Analysis & Synthesis Summary
  3. Analysis & Synthesis Settings
  4. Parallel Compilation
  5. Analysis & Synthesis Source Files Read
  6. Analysis & Synthesis Resource Usage Summary
  7. Analysis & Synthesis Resource Utilization by Entity
  8. Registers Removed During Synthesis
  9. General Register Statistics
 10. Inverted Register Statistics
 11. Multiplexer Restructuring Statistics (Restructuring Performed)
 12. Port Connectivity Checks: "TEMPORIZADOR:TEMPORIZADOR_GREEN"
 13. Port Connectivity Checks: "TEMPORIZADOR:TEMPORIZADOR_RED"
 14. Elapsed Time Per Partition
 15. Analysis & Synthesis Messages



----------------
; Legal Notice ;
----------------
Copyright (C) 1991-2013 Altera Corporation
Your use of Altera Corporation's design tools, logic functions 
and other software and tools, and its AMPP partner logic 
functions, and any output files from any of the foregoing 
(including device programming or simulation files), and any 
associated documentation or information are expressly subject 
to the terms and conditions of the Altera Program License 
Subscription Agreement, Altera MegaCore Function License 
Agreement, or other applicable license agreement, including, 
without limitation, that your use is for the sole purpose of 
programming logic devices manufactured by Altera and sold by 
Altera or its authorized distributors.  Please refer to the 
applicable agreement for further details.



+--------------------------------------------------------------------------------------+
; Analysis & Synthesis Summary                                                         ;
+------------------------------------+-------------------------------------------------+
; Analysis & Synthesis Status        ; Successful - Fri May 26 17:39:37 2023           ;
; Quartus II 64-Bit Version          ; 13.0.1 Build 232 06/12/2013 SP 1 SJ Web Edition ;
; Revision Name                      ; Semaforo                                        ;
; Top-level Entity Name              ; BLOCO_PRINCIPAL                                 ;
; Family                             ; Cyclone II                                      ;
; Total logic elements               ; 502                                             ;
;     Total combinational functions  ; 502                                             ;
;     Dedicated logic registers      ; 301                                             ;
; Total registers                    ; 301                                             ;
; Total pins                         ; 33                                              ;
; Total virtual pins                 ; 0                                               ;
; Total memory bits                  ; 0                                               ;
; Embedded Multiplier 9-bit elements ; 0                                               ;
; Total PLLs                         ; 0                                               ;
+------------------------------------+-------------------------------------------------+


+----------------------------------------------------------------------------------------------------------------------+
; Analysis & Synthesis Settings                                                                                        ;
+----------------------------------------------------------------------------+--------------------+--------------------+
; Option                                                                     ; Setting            ; Default Value      ;
+----------------------------------------------------------------------------+--------------------+--------------------+
; Device                                                                     ; EP2C35F672C6       ;                    ;
; Top-level entity name                                                      ; BLOCO_PRINCIPAL    ; Semaforo           ;
; Family name                                                                ; Cyclone II         ; Cyclone IV GX      ;
; VHDL Show LMF Mapping Messages                                             ; Off                ;                    ;
; Use smart compilation                                                      ; Off                ; Off                ;
; Enable parallel Assembler and TimeQuest Timing Analyzer during compilation ; On                 ; On                 ;
; Enable compact report table                                                ; Off                ; Off                ;
; Restructure Multiplexers                                                   ; Auto               ; Auto               ;
; Create Debugging Nodes for IP Cores                                        ; Off                ; Off                ;
; Preserve fewer node names                                                  ; On                 ; On                 ;
; Disable OpenCore Plus hardware evaluation                                  ; Off                ; Off                ;
; Verilog Version                                                            ; Verilog_2001       ; Verilog_2001       ;
; VHDL Version                                                               ; VHDL_1993          ; VHDL_1993          ;
; State Machine Processing                                                   ; Auto               ; Auto               ;
; Safe State Machine                                                         ; Off                ; Off                ;
; Extract Verilog State Machines                                             ; On                 ; On                 ;
; Extract VHDL State Machines                                                ; On                 ; On                 ;
; Ignore Verilog initial constructs                                          ; Off                ; Off                ;
; Iteration limit for constant Verilog loops                                 ; 5000               ; 5000               ;
; Iteration limit for non-constant Verilog loops                             ; 250                ; 250                ;
; Add Pass-Through Logic to Inferred RAMs                                    ; On                 ; On                 ;
; Infer RAMs from Raw Logic                                                  ; On                 ; On                 ;
; Parallel Synthesis                                                         ; On                 ; On                 ;
; DSP Block Balancing                                                        ; Auto               ; Auto               ;
; NOT Gate Push-Back                                                         ; On                 ; On                 ;
; Power-Up Don't Care                                                        ; On                 ; On                 ;
; Remove Redundant Logic Cells                                               ; Off                ; Off                ;
; Remove Duplicate Registers                                                 ; On                 ; On                 ;
; Ignore CARRY Buffers                                                       ; Off                ; Off                ;
; Ignore CASCADE Buffers                                                     ; Off                ; Off                ;
; Ignore GLOBAL Buffers                                                      ; Off                ; Off                ;
; Ignore ROW GLOBAL Buffers                                                  ; Off                ; Off                ;
; Ignore LCELL Buffers                                                       ; Off                ; Off                ;
; Ignore SOFT Buffers                                                        ; On                 ; On                 ;
; Limit AHDL Integers to 32 Bits                                             ; Off                ; Off                ;
; Optimization Technique                                                     ; Balanced           ; Balanced           ;
; Carry Chain Length                                                         ; 70                 ; 70                 ;
; Auto Carry Chains                                                          ; On                 ; On                 ;
; Auto Open-Drain Pins                                                       ; On                 ; On                 ;
; Perform WYSIWYG Primitive Resynthesis                                      ; Off                ; Off                ;
; Auto ROM Replacement                                                       ; On                 ; On                 ;
; Auto RAM Replacement                                                       ; On                 ; On                 ;
; Auto Shift Register Replacement                                            ; Auto               ; Auto               ;
; Allow Shift Register Merging across Hierarchies                            ; Auto               ; Auto               ;
; Auto Clock Enable Replacement                                              ; On                 ; On                 ;
; Strict RAM Replacement                                                     ; Off                ; Off                ;
; Allow Synchronous Control Signals                                          ; On                 ; On                 ;
; Force Use of Synchronous Clear Signals                                     ; Off                ; Off                ;
; Auto RAM to Logic Cell Conversion                                          ; Off                ; Off                ;
; Auto Resource Sharing                                                      ; Off                ; Off                ;
; Allow Any RAM Size For Recognition                                         ; Off                ; Off                ;
; Allow Any ROM Size For Recognition                                         ; Off                ; Off                ;
; Allow Any Shift Register Size For Recognition                              ; Off                ; Off                ;
; Use LogicLock Constraints during Resource Balancing                        ; On                 ; On                 ;
; Ignore translate_off and synthesis_off directives                          ; Off                ; Off                ;
; Timing-Driven Synthesis                                                    ; Off                ; Off                ;
; Report Parameter Settings                                                  ; On                 ; On                 ;
; Report Source Assignments                                                  ; On                 ; On                 ;
; Report Connectivity Checks                                                 ; On                 ; On                 ;
; Ignore Maximum Fan-Out Assignments                                         ; Off                ; Off                ;
; Synchronization Register Chain Length                                      ; 2                  ; 2                  ;
; PowerPlay Power Optimization                                               ; Normal compilation ; Normal compilation ;
; HDL message level                                                          ; Level2             ; Level2             ;
; Suppress Register Optimization Related Messages                            ; Off                ; Off                ;
; Number of Removed Registers Reported in Synthesis Report                   ; 5000               ; 5000               ;
; Number of Swept Nodes Reported in Synthesis Report                         ; 5000               ; 5000               ;
; Number of Inverted Registers Reported in Synthesis Report                  ; 100                ; 100                ;
; Clock MUX Protection                                                       ; On                 ; On                 ;
; Auto Gated Clock Conversion                                                ; Off                ; Off                ;
; Block Design Naming                                                        ; Auto               ; Auto               ;
; SDC constraint protection                                                  ; Off                ; Off                ;
; Synthesis Effort                                                           ; Auto               ; Auto               ;
; Shift Register Replacement - Allow Asynchronous Clear Signal               ; On                 ; On                 ;
; Pre-Mapping Resynthesis Optimization                                       ; Off                ; Off                ;
; Analysis & Synthesis Message Level                                         ; Medium             ; Medium             ;
; Disable Register Merging Across Hierarchies                                ; Auto               ; Auto               ;
; Resource Aware Inference For Block RAM                                     ; On                 ; On                 ;
; Synthesis Seed                                                             ; 1                  ; 1                  ;
+----------------------------------------------------------------------------+--------------------+--------------------+


Parallel compilation was disabled, but you have multiple processors available. Enable parallel compilation to reduce compilation time.
+-------------------------------------+
; Parallel Compilation                ;
+----------------------------+--------+
; Processors                 ; Number ;
+----------------------------+--------+
; Number detected on machine ; 12     ;
; Maximum allowed            ; 1      ;
+----------------------------+--------+


+-------------------------------------------------------------------------------------------------------------------------------------------------------------------------+
; Analysis & Synthesis Source Files Read                                                                                                                                  ;
+----------------------------------+-----------------+-----------------+----------------------------------------------------------------------------------------+---------+
; File Name with User-Entered Path ; Used in Netlist ; File Type       ; File Name with Absolute Path                                                           ; Library ;
+----------------------------------+-----------------+-----------------+----------------------------------------------------------------------------------------+---------+
; BLOCO_PRINCIPAL.vhd              ; yes             ; User VHDL File  ; C:/Users/vieir/OneDrive/Documentos/GitHub/Projetos_VHDL/Semaforo_1/BLOCO_PRINCIPAL.vhd ;         ;
; CONVERSOR_1KHZ.vhd               ; yes             ; User VHDL File  ; C:/Users/vieir/OneDrive/Documentos/GitHub/Projetos_VHDL/Semaforo_1/CONVERSOR_1KHZ.vhd  ;         ;
; TEMPORIZADOR.vhd                 ; yes             ; User VHDL File  ; C:/Users/vieir/OneDrive/Documentos/GitHub/Projetos_VHDL/Semaforo_1/TEMPORIZADOR.vhd    ;         ;
+----------------------------------+-----------------+-----------------+----------------------------------------------------------------------------------------+---------+


+----------------------------------------------------------------------------------+
; Analysis & Synthesis Resource Usage Summary                                      ;
+---------------------------------------------+------------------------------------+
; Resource                                    ; Usage                              ;
+---------------------------------------------+------------------------------------+
; Estimated Total logic elements              ; 502                                ;
;                                             ;                                    ;
; Total combinational functions               ; 502                                ;
; Logic element usage by number of LUT inputs ;                                    ;
;     -- 4 input functions                    ; 174                                ;
;     -- 3 input functions                    ; 32                                 ;
;     -- <=2 input functions                  ; 296                                ;
;                                             ;                                    ;
; Logic elements by mode                      ;                                    ;
;     -- normal mode                          ; 255                                ;
;     -- arithmetic mode                      ; 247                                ;
;                                             ;                                    ;
; Total registers                             ; 301                                ;
;     -- Dedicated logic registers            ; 301                                ;
;     -- I/O registers                        ; 0                                  ;
;                                             ;                                    ;
; I/O pins                                    ; 33                                 ;
; Embedded Multiplier 9-bit elements          ; 0                                  ;
; Maximum fan-out node                        ; CONVERSOR_1KHZ:CONVERSOR|SINAL_CLK ;
; Maximum fan-out                             ; 243                                ;
; Total fan-out                               ; 2062                               ;
; Average fan-out                             ; 2.47                               ;
+---------------------------------------------+------------------------------------+


+--------------------------------------------------------------------------------------------------------------------------------------------------------------------------------------------------------------------+
; Analysis & Synthesis Resource Utilization by Entity                                                                                                                                                                ;
+--------------------------------------+-------------------+--------------+-------------+--------------+---------+-----------+------+--------------+--------------------------------------------------+--------------+
; Compilation Hierarchy Node           ; LC Combinationals ; LC Registers ; Memory Bits ; DSP Elements ; DSP 9x9 ; DSP 18x18 ; Pins ; Virtual Pins ; Full Hierarchy Name                              ; Library Name ;
+--------------------------------------+-------------------+--------------+-------------+--------------+---------+-----------+------+--------------+--------------------------------------------------+--------------+
; |BLOCO_PRINCIPAL                     ; 502 (38)          ; 301 (26)     ; 0           ; 0            ; 0       ; 0         ; 33   ; 0            ; |BLOCO_PRINCIPAL                                 ; work         ;
;    |CONVERSOR_1KHZ:CONVERSOR|        ; 53 (53)           ; 33 (33)      ; 0           ; 0            ; 0       ; 0         ; 0    ; 0            ; |BLOCO_PRINCIPAL|CONVERSOR_1KHZ:CONVERSOR        ; work         ;
;    |TEMPORIZADOR:TEMPORIZADOR_GREEN| ; 217 (217)         ; 137 (137)    ; 0           ; 0            ; 0       ; 0         ; 0    ; 0            ; |BLOCO_PRINCIPAL|TEMPORIZADOR:TEMPORIZADOR_GREEN ; work         ;
;    |TEMPORIZADOR:TEMPORIZADOR_RED|   ; 194 (194)         ; 105 (105)    ; 0           ; 0            ; 0       ; 0         ; 0    ; 0            ; |BLOCO_PRINCIPAL|TEMPORIZADOR:TEMPORIZADOR_RED   ; work         ;
+--------------------------------------+-------------------+--------------+-------------+--------------+---------+-----------+------+--------------+--------------------------------------------------+--------------+
Note: For table entries with two numbers listed, the numbers in parentheses indicate the number of resources of the given type used by the specific entity alone. The numbers listed outside of parentheses indicate the total resources of the given type used by the specific entity and all of its sub-entities in the hierarchy.


+-------------------------------------------------------------------------------------------------------------------------------------------------------------+
; Registers Removed During Synthesis                                                                                                                          ;
+-----------------------------------------------------------------------+-------------------------------------------------------------------------------------+
; Register name                                                         ; Reason for Removal                                                                  ;
+-----------------------------------------------------------------------+-------------------------------------------------------------------------------------+
; TEMPORIZADOR:TEMPORIZADOR_RED|ATRASO_INTENCIONAL_PARA_SINAL_FINAL[0]  ; Merged with TEMPORIZADOR:TEMPORIZADOR_GREEN|ATRASO_INTENCIONAL_PARA_SINAL_FINAL[0]  ;
; TEMPORIZADOR:TEMPORIZADOR_RED|ATRASO_INTENCIONAL_PARA_SINAL_FINAL[1]  ; Merged with TEMPORIZADOR:TEMPORIZADOR_GREEN|ATRASO_INTENCIONAL_PARA_SINAL_FINAL[1]  ;
; TEMPORIZADOR:TEMPORIZADOR_RED|ATRASO_INTENCIONAL_PARA_SINAL_FINAL[2]  ; Merged with TEMPORIZADOR:TEMPORIZADOR_GREEN|ATRASO_INTENCIONAL_PARA_SINAL_FINAL[2]  ;
; TEMPORIZADOR:TEMPORIZADOR_RED|ATRASO_INTENCIONAL_PARA_SINAL_FINAL[3]  ; Merged with TEMPORIZADOR:TEMPORIZADOR_GREEN|ATRASO_INTENCIONAL_PARA_SINAL_FINAL[3]  ;
; TEMPORIZADOR:TEMPORIZADOR_RED|ATRASO_INTENCIONAL_PARA_SINAL_FINAL[4]  ; Merged with TEMPORIZADOR:TEMPORIZADOR_GREEN|ATRASO_INTENCIONAL_PARA_SINAL_FINAL[4]  ;
; TEMPORIZADOR:TEMPORIZADOR_RED|ATRASO_INTENCIONAL_PARA_SINAL_FINAL[5]  ; Merged with TEMPORIZADOR:TEMPORIZADOR_GREEN|ATRASO_INTENCIONAL_PARA_SINAL_FINAL[5]  ;
; TEMPORIZADOR:TEMPORIZADOR_RED|ATRASO_INTENCIONAL_PARA_SINAL_FINAL[6]  ; Merged with TEMPORIZADOR:TEMPORIZADOR_GREEN|ATRASO_INTENCIONAL_PARA_SINAL_FINAL[6]  ;
; TEMPORIZADOR:TEMPORIZADOR_RED|ATRASO_INTENCIONAL_PARA_SINAL_FINAL[7]  ; Merged with TEMPORIZADOR:TEMPORIZADOR_GREEN|ATRASO_INTENCIONAL_PARA_SINAL_FINAL[7]  ;
; TEMPORIZADOR:TEMPORIZADOR_RED|ATRASO_INTENCIONAL_PARA_SINAL_FINAL[8]  ; Merged with TEMPORIZADOR:TEMPORIZADOR_GREEN|ATRASO_INTENCIONAL_PARA_SINAL_FINAL[8]  ;
; TEMPORIZADOR:TEMPORIZADOR_RED|ATRASO_INTENCIONAL_PARA_SINAL_FINAL[9]  ; Merged with TEMPORIZADOR:TEMPORIZADOR_GREEN|ATRASO_INTENCIONAL_PARA_SINAL_FINAL[9]  ;
; TEMPORIZADOR:TEMPORIZADOR_RED|ATRASO_INTENCIONAL_PARA_SINAL_FINAL[10] ; Merged with TEMPORIZADOR:TEMPORIZADOR_GREEN|ATRASO_INTENCIONAL_PARA_SINAL_FINAL[10] ;
; TEMPORIZADOR:TEMPORIZADOR_RED|ATRASO_INTENCIONAL_PARA_SINAL_FINAL[11] ; Merged with TEMPORIZADOR:TEMPORIZADOR_GREEN|ATRASO_INTENCIONAL_PARA_SINAL_FINAL[11] ;
; TEMPORIZADOR:TEMPORIZADOR_RED|ATRASO_INTENCIONAL_PARA_SINAL_FINAL[12] ; Merged with TEMPORIZADOR:TEMPORIZADOR_GREEN|ATRASO_INTENCIONAL_PARA_SINAL_FINAL[12] ;
; TEMPORIZADOR:TEMPORIZADOR_RED|ATRASO_INTENCIONAL_PARA_SINAL_FINAL[13] ; Merged with TEMPORIZADOR:TEMPORIZADOR_GREEN|ATRASO_INTENCIONAL_PARA_SINAL_FINAL[13] ;
; TEMPORIZADOR:TEMPORIZADOR_RED|ATRASO_INTENCIONAL_PARA_SINAL_FINAL[14] ; Merged with TEMPORIZADOR:TEMPORIZADOR_GREEN|ATRASO_INTENCIONAL_PARA_SINAL_FINAL[14] ;
; TEMPORIZADOR:TEMPORIZADOR_RED|ATRASO_INTENCIONAL_PARA_SINAL_FINAL[15] ; Merged with TEMPORIZADOR:TEMPORIZADOR_GREEN|ATRASO_INTENCIONAL_PARA_SINAL_FINAL[15] ;
; TEMPORIZADOR:TEMPORIZADOR_RED|ATRASO_INTENCIONAL_PARA_SINAL_FINAL[16] ; Merged with TEMPORIZADOR:TEMPORIZADOR_GREEN|ATRASO_INTENCIONAL_PARA_SINAL_FINAL[16] ;
; TEMPORIZADOR:TEMPORIZADOR_RED|ATRASO_INTENCIONAL_PARA_SINAL_FINAL[17] ; Merged with TEMPORIZADOR:TEMPORIZADOR_GREEN|ATRASO_INTENCIONAL_PARA_SINAL_FINAL[17] ;
; TEMPORIZADOR:TEMPORIZADOR_RED|ATRASO_INTENCIONAL_PARA_SINAL_FINAL[18] ; Merged with TEMPORIZADOR:TEMPORIZADOR_GREEN|ATRASO_INTENCIONAL_PARA_SINAL_FINAL[18] ;
; TEMPORIZADOR:TEMPORIZADOR_RED|ATRASO_INTENCIONAL_PARA_SINAL_FINAL[19] ; Merged with TEMPORIZADOR:TEMPORIZADOR_GREEN|ATRASO_INTENCIONAL_PARA_SINAL_FINAL[19] ;
; TEMPORIZADOR:TEMPORIZADOR_RED|ATRASO_INTENCIONAL_PARA_SINAL_FINAL[20] ; Merged with TEMPORIZADOR:TEMPORIZADOR_GREEN|ATRASO_INTENCIONAL_PARA_SINAL_FINAL[20] ;
; TEMPORIZADOR:TEMPORIZADOR_RED|ATRASO_INTENCIONAL_PARA_SINAL_FINAL[21] ; Merged with TEMPORIZADOR:TEMPORIZADOR_GREEN|ATRASO_INTENCIONAL_PARA_SINAL_FINAL[21] ;
; TEMPORIZADOR:TEMPORIZADOR_RED|ATRASO_INTENCIONAL_PARA_SINAL_FINAL[22] ; Merged with TEMPORIZADOR:TEMPORIZADOR_GREEN|ATRASO_INTENCIONAL_PARA_SINAL_FINAL[22] ;
; TEMPORIZADOR:TEMPORIZADOR_RED|ATRASO_INTENCIONAL_PARA_SINAL_FINAL[23] ; Merged with TEMPORIZADOR:TEMPORIZADOR_GREEN|ATRASO_INTENCIONAL_PARA_SINAL_FINAL[23] ;
; TEMPORIZADOR:TEMPORIZADOR_RED|ATRASO_INTENCIONAL_PARA_SINAL_FINAL[24] ; Merged with TEMPORIZADOR:TEMPORIZADOR_GREEN|ATRASO_INTENCIONAL_PARA_SINAL_FINAL[24] ;
; TEMPORIZADOR:TEMPORIZADOR_RED|ATRASO_INTENCIONAL_PARA_SINAL_FINAL[25] ; Merged with TEMPORIZADOR:TEMPORIZADOR_GREEN|ATRASO_INTENCIONAL_PARA_SINAL_FINAL[25] ;
; TEMPORIZADOR:TEMPORIZADOR_RED|ATRASO_INTENCIONAL_PARA_SINAL_FINAL[26] ; Merged with TEMPORIZADOR:TEMPORIZADOR_GREEN|ATRASO_INTENCIONAL_PARA_SINAL_FINAL[26] ;
; TEMPORIZADOR:TEMPORIZADOR_RED|ATRASO_INTENCIONAL_PARA_SINAL_FINAL[27] ; Merged with TEMPORIZADOR:TEMPORIZADOR_GREEN|ATRASO_INTENCIONAL_PARA_SINAL_FINAL[27] ;
; TEMPORIZADOR:TEMPORIZADOR_RED|ATRASO_INTENCIONAL_PARA_SINAL_FINAL[28] ; Merged with TEMPORIZADOR:TEMPORIZADOR_GREEN|ATRASO_INTENCIONAL_PARA_SINAL_FINAL[28] ;
; TEMPORIZADOR:TEMPORIZADOR_RED|ATRASO_INTENCIONAL_PARA_SINAL_FINAL[29] ; Merged with TEMPORIZADOR:TEMPORIZADOR_GREEN|ATRASO_INTENCIONAL_PARA_SINAL_FINAL[29] ;
; TEMPORIZADOR:TEMPORIZADOR_RED|ATRASO_INTENCIONAL_PARA_SINAL_FINAL[30] ; Merged with TEMPORIZADOR:TEMPORIZADOR_GREEN|ATRASO_INTENCIONAL_PARA_SINAL_FINAL[30] ;
; TEMPORIZADOR:TEMPORIZADOR_RED|ATRASO_INTENCIONAL_PARA_SINAL_FINAL[31] ; Merged with TEMPORIZADOR:TEMPORIZADOR_GREEN|ATRASO_INTENCIONAL_PARA_SINAL_FINAL[31] ;
; Total Number of Removed Registers = 32                                ;                                                                                     ;
+-----------------------------------------------------------------------+-------------------------------------------------------------------------------------+


+------------------------------------------------------+
; General Register Statistics                          ;
+----------------------------------------------+-------+
; Statistic                                    ; Value ;
+----------------------------------------------+-------+
; Total registers                              ; 301   ;
; Number of registers using Synchronous Clear  ; 0     ;
; Number of registers using Synchronous Load   ; 5     ;
; Number of registers using Asynchronous Clear ; 0     ;
; Number of registers using Asynchronous Load  ; 0     ;
; Number of registers using Clock Enable       ; 45    ;
; Number of registers using Preset             ; 0     ;
+----------------------------------------------+-------+


+---------------------------------------------------------------+
; Inverted Register Statistics                                  ;
+-----------------------------------------------------+---------+
; Inverted Register                                   ; Fan out ;
+-----------------------------------------------------+---------+
; TEMPORIZADOR:TEMPORIZADOR_RED|SINAL_CLK             ; 21      ;
; TEMPORIZADOR:TEMPORIZADOR_GREEN|SINAL_CLK           ; 11      ;
; BITS_RED[0]                                         ; 5       ;
; BITS_RED[1]                                         ; 3       ;
; BITS_RED[2]                                         ; 3       ;
; BITS_RED[3]                                         ; 3       ;
; BITS_RED[4]                                         ; 3       ;
; BITS_RED[5]                                         ; 3       ;
; BITS_RED[6]                                         ; 3       ;
; BITS_RED[7]                                         ; 3       ;
; BITS_RED[8]                                         ; 3       ;
; BITS_RED[9]                                         ; 3       ;
; BITS_RED[10]                                        ; 3       ;
; BITS_RED[11]                                        ; 3       ;
; BITS_RED[12]                                        ; 3       ;
; BITS_RED[13]                                        ; 3       ;
; BITS_RED[14]                                        ; 3       ;
; BITS_RED[15]                                        ; 3       ;
; BITS_RED[16]                                        ; 5       ;
; BITS_RED[17]                                        ; 5       ;
; CONVERSOR_1KHZ:CONVERSOR|SINAL_CLK                  ; 243     ;
; TEMPORIZADOR:TEMPORIZADOR_RED|CONTADOR_PERIODO[0]   ; 1       ;
; TEMPORIZADOR:TEMPORIZADOR_GREEN|CONTADOR_PERIODO[0] ; 1       ;
; CONVERSOR_1KHZ:CONVERSOR|COUNT[0]                   ; 1       ;
; Total number of inverted registers = 24             ;         ;
+-----------------------------------------------------+---------+


+--------------------------------------------------------------------------------------------------------------------------------------------------------------------------------------------+
; Multiplexer Restructuring Statistics (Restructuring Performed)                                                                                                                             ;
+--------------------+-----------+---------------+----------------------+------------------------+------------+------------------------------------------------------------------------------+
; Multiplexer Inputs ; Bus Width ; Baseline Area ; Area if Restructured ; Saving if Restructured ; Registered ; Example Multiplexer Output                                                   ;
+--------------------+-----------+---------------+----------------------+------------------------+------------+------------------------------------------------------------------------------+
; 3:1                ; 32 bits   ; 64 LEs        ; 32 LEs               ; 32 LEs                 ; Yes        ; |BLOCO_PRINCIPAL|TEMPORIZADOR:TEMPORIZADOR_RED|CONTADOR_BITS_DESLOCADOS[23]  ;
; 3:1                ; 32 bits   ; 64 LEs        ; 32 LEs               ; 32 LEs                 ; Yes        ; |BLOCO_PRINCIPAL|TEMPORIZADOR:TEMPORIZADOR_GREEN|CONTADOR_BITS_DESLOCADOS[5] ;
; 4:1                ; 6 bits    ; 12 LEs        ; 12 LEs               ; 0 LEs                  ; Yes        ; |BLOCO_PRINCIPAL|BITS_GREEN[5]                                               ;
; 4:1                ; 16 bits   ; 32 LEs        ; 32 LEs               ; 0 LEs                  ; Yes        ; |BLOCO_PRINCIPAL|BITS_RED[5]                                                 ;
+--------------------+-----------+---------------+----------------------+------------------------+------------+------------------------------------------------------------------------------+


+-------------------------------------------------------------+
; Port Connectivity Checks: "TEMPORIZADOR:TEMPORIZADOR_GREEN" ;
+--------------+-------+----------+---------------------------+
; Port         ; Type  ; Severity ; Details                   ;
+--------------+-------+----------+---------------------------+
; tempo[4..3]  ; Input ; Info     ; Stuck at GND              ;
; tempo[2]     ; Input ; Info     ; Stuck at VCC              ;
; tempo[1]     ; Input ; Info     ; Stuck at GND              ;
; tempo[0]     ; Input ; Info     ; Stuck at VCC              ;
; n_bits[2..0] ; Input ; Info     ; Stuck at GND              ;
; n_bits[4]    ; Input ; Info     ; Stuck at GND              ;
; n_bits[3]    ; Input ; Info     ; Stuck at VCC              ;
; chip_select  ; Input ; Info     ; Stuck at VCC              ;
+--------------+-------+----------+---------------------------+


+-----------------------------------------------------------+
; Port Connectivity Checks: "TEMPORIZADOR:TEMPORIZADOR_RED" ;
+--------------+-------+----------+-------------------------+
; Port         ; Type  ; Severity ; Details                 ;
+--------------+-------+----------+-------------------------+
; tempo[4..3]  ; Input ; Info     ; Stuck at GND            ;
; tempo[2]     ; Input ; Info     ; Stuck at VCC            ;
; tempo[1]     ; Input ; Info     ; Stuck at GND            ;
; tempo[0]     ; Input ; Info     ; Stuck at VCC            ;
; n_bits[3..2] ; Input ; Info     ; Stuck at GND            ;
; n_bits[4]    ; Input ; Info     ; Stuck at VCC            ;
; n_bits[1]    ; Input ; Info     ; Stuck at VCC            ;
; n_bits[0]    ; Input ; Info     ; Stuck at GND            ;
; chip_select  ; Input ; Info     ; Stuck at GND            ;
+--------------+-------+----------+-------------------------+


+-------------------------------+
; Elapsed Time Per Partition    ;
+----------------+--------------+
; Partition Name ; Elapsed Time ;
+----------------+--------------+
; Top            ; 00:00:01     ;
+----------------+--------------+


+-------------------------------+
; Analysis & Synthesis Messages ;
+-------------------------------+
Info: *******************************************************************
Info: Running Quartus II 64-Bit Analysis & Synthesis
    Info: Version 13.0.1 Build 232 06/12/2013 Service Pack 1 SJ Web Edition
    Info: Processing started: Fri May 26 17:39:34 2023
Info: Command: quartus_map --read_settings_files=on --write_settings_files=off Semaforo -c Semaforo
Warning (20028): Parallel compilation is not licensed and has been disabled
Info (12021): Found 2 design units, including 1 entities, in source file bloco_principal.vhd
    Info (12022): Found design unit 1: BLOCO_PRINCIPAL-LOGICA
    Info (12023): Found entity 1: BLOCO_PRINCIPAL
Info (12021): Found 2 design units, including 1 entities, in source file conversor_1khz.vhd
    Info (12022): Found design unit 1: CONVERSOR_1KHZ-LOGIC
    Info (12023): Found entity 1: CONVERSOR_1KHZ
Info (12021): Found 2 design units, including 1 entities, in source file temporizador.vhd
    Info (12022): Found design unit 1: TEMPORIZADOR-LOGICA
    Info (12023): Found entity 1: TEMPORIZADOR
Info (12127): Elaborating entity "BLOCO_PRINCIPAL" for the top level hierarchy
Info (12128): Elaborating entity "CONVERSOR_1KHZ" for hierarchy "CONVERSOR_1KHZ:CONVERSOR"
Info (12128): Elaborating entity "TEMPORIZADOR" for hierarchy "TEMPORIZADOR:TEMPORIZADOR_RED"
Warning (10542): VHDL Variable Declaration warning at TEMPORIZADOR.vhd(51): used initial value expression for variable "PERIODO_CONTAGEM" because variable was never assigned a value
Warning (10492): VHDL Process Statement warning at TEMPORIZADOR.vhd(51): signal "TEMPO" is read inside the Process Statement but isn't in the Process Statement's sensitivity list
Warning (10492): VHDL Process Statement warning at TEMPORIZADOR.vhd(51): signal "N_BITS" is read inside the Process Statement but isn't in the Process Statement's sensitivity list
Warning (10542): VHDL Variable Declaration warning at TEMPORIZADOR.vhd(53): used initial value expression for variable "BITS_DESLOCADOS_POR_S" because variable was never assigned a value
Warning (10492): VHDL Process Statement warning at TEMPORIZADOR.vhd(53): signal "N_BITS" is read inside the Process Statement but isn't in the Process Statement's sensitivity list
Warning (10492): VHDL Process Statement warning at TEMPORIZADOR.vhd(53): signal "TEMPO" is read inside the Process Statement but isn't in the Process Statement's sensitivity list
Info (16010): Generating hard_block partition "hard_block:auto_generated_inst"
    Info (16011): Adding 0 node(s), including 0 DDIO, 0 PLL, 0 transceiver and 0 LCELL
Info (21057): Implemented 613 device resources after synthesis - the final resource count might be different
    Info (21058): Implemented 1 input pins
    Info (21059): Implemented 32 output pins
    Info (21061): Implemented 580 logic cells
Info: Quartus II 64-Bit Analysis & Synthesis was successful. 0 errors, 7 warnings
    Info: Peak virtual memory: 4643 megabytes
    Info: Processing ended: Fri May 26 17:39:37 2023
    Info: Elapsed time: 00:00:03
    Info: Total CPU time (on all processors): 00:00:02


